demo/build/outputs/logs/manifest-merger-debug-report.txt
-- Merging decision tree log ---
manifest
ADDED from CCQ-App\demo\AndroidManifest.xml:2:1-188:12
INJECTED from CCQ-App\demo\AndroidManifest.xml:2:1-188:12
INJECTED from CCQ-App\demo\AndroidManifest.xml:2:1-188:12
INJECTED from CCQ-App\demo\AndroidManifest.xml:2:1-188:12
INJECTED from CCQ-App\demo\AndroidManifest.xml:2:1-188:12
	package
		ADDED from CCQ-App\demo\AndroidManifest.xml:2:70-91
	android:versionName
		ADDED from CCQ-App\demo\AndroidManifest.xml:3:29-56
		INJECTED from CCQ-App\demo\AndroidManifest.xml
		INJECTED from CCQ-App\demo\AndroidManifest.xml
	xmlns:android
		ADDED from CCQ-App\demo\AndroidManifest.xml:2:11-69
	android:versionCode
		ADDED from CCQ-App\demo\AndroidManifest.xml:3:5-28
		INJECTED from CCQ-App\demo\AndroidManifest.xml
		INJECTED from CCQ-App\demo\AndroidManifest.xml
permission#com.ccq.app.permission.JPUSH_MESSAGE
ADDED from CCQ-App\demo\AndroidManifest.xml:5:5-6:47
	android:protectionLevel
		ADDED from CCQ-App\demo\AndroidManifest.xml:6:9-44
	android:name
		ADDED from CCQ-App\demo\AndroidManifest.xml:5:17-68
uses-permission#com.ccq.app.permission.JPUSH_MESSAGE
ADDED from CCQ-App\demo\AndroidManifest.xml:9:5-76
	android:name
		ADDED from CCQ-App\demo\AndroidManifest.xml:9:22-73
uses-permission#android.permission.RECEIVE_USER_PRESENT
ADDED from CCQ-App\demo\AndroidManifest.xml:10:5-79
	android:name
		ADDED from CCQ-App\demo\AndroidManifest.xml:10:22-76
uses-permission#android.permission.INTERNET
ADDED from CCQ-App\demo\AndroidManifest.xml:11:5-67
	android:name
		ADDED from CCQ-App\demo\AndroidManifest.xml:11:22-64
uses-permission#android.permission.WAKE_LOCK
ADDED from CCQ-App\demo\AndroidManifest.xml:12:5-68
	android:name
		ADDED from CCQ-App\demo\AndroidManifest.xml:12:22-65
uses-permission#android.permission.READ_PHONE_STATE
ADDED from CCQ-App\demo\AndroidManifest.xml:13:5-75
	android:name
		ADDED from CCQ-App\demo\AndroidManifest.xml:13:22-72
uses-permission#android.permission.WRITE_EXTERNAL_STORAGE
ADDED from CCQ-App\demo\AndroidManifest.xml:14:5-81
	android:name
		ADDED from CCQ-App\demo\AndroidManifest.xml:14:22-78
uses-permission#android.permission.READ_EXTERNAL_STORAGE
ADDED from CCQ-App\demo\AndroidManifest.xml:15:5-80
	android:name
		ADDED from CCQ-App\demo\AndroidManifest.xml:15:22-77
uses-permission#android.permission.VIBRATE
ADDED from CCQ-App\demo\AndroidManifest.xml:16:5-66
	android:name
		ADDED from CCQ-App\demo\AndroidManifest.xml:16:22-63
uses-permission#android.permission.MOUNT_UNMOUNT_FILESYSTEMS
ADDED from CCQ-App\demo\AndroidManifest.xml:17:5-84
	android:name
		ADDED from CCQ-App\demo\AndroidManifest.xml:17:22-81
uses-permission#android.permission.ACCESS_NETWORK_STATE
ADDED from CCQ-App\demo\AndroidManifest.xml:18:5-79
	android:name
		ADDED from CCQ-App\demo\AndroidManifest.xml:18:22-76
uses-permission#android.permission.WRITE_SETTINGS
ADDED from CCQ-App\demo\AndroidManifest.xml:19:5-73
	android:name
		ADDED from CCQ-App\demo\AndroidManifest.xml:19:22-70
uses-permission#android.permission.ACCESS_WIFI_STATE
ADDED from CCQ-App\demo\AndroidManifest.xml:20:5-76
	android:name
		ADDED from CCQ-App\demo\AndroidManifest.xml:20:22-73
uses-permission#android.permission.SYSTEM_ALERT_WINDOW
ADDED from CCQ-App\demo\AndroidManifest.xml:24:5-78
	android:name
		ADDED from CCQ-App\demo\AndroidManifest.xml:24:22-75
uses-permission#android.permission.ACCESS_COARSE_LOCATION
ADDED from CCQ-App\demo\AndroidManifest.xml:25:5-81
	android:name
		ADDED from CCQ-App\demo\AndroidManifest.xml:25:22-78
uses-permission#android.permission.ACCESS_FINE_LOCATION
ADDED from CCQ-App\demo\AndroidManifest.xml:26:5-79
	android:name
		ADDED from CCQ-App\demo\AndroidManifest.xml:26:22-76
uses-permission#android.permission.ACCESS_LOCATION_EXTRA_COMMANDS
ADDED from CCQ-App\demo\AndroidManifest.xml:27:5-89
	android:name
		ADDED from CCQ-App\demo\AndroidManifest.xml:27:22-86
uses-permission#android.permission.CHANGE_WIFI_STATE
ADDED from CCQ-App\demo\AndroidManifest.xml:28:5-76
	android:name
		ADDED from CCQ-App\demo\AndroidManifest.xml:28:22-73
uses-permission#android.permission.CHANGE_NETWORK_STATE
ADDED from CCQ-App\demo\AndroidManifest.xml:29:5-79
	android:name
		ADDED from CCQ-App\demo\AndroidManifest.xml:29:22-76
uses-permission#android.permission.GET_TASKS
ADDED from CCQ-App\demo\AndroidManifest.xml:30:5-68
	android:name
		ADDED from CCQ-App\demo\AndroidManifest.xml:30:22-65
application
ADDED from CCQ-App\demo\AndroidManifest.xml:32:5-186:19
	android:label
		ADDED from CCQ-App\demo\AndroidManifest.xml:35:9-41
	android:icon
		ADDED from CCQ-App\demo\AndroidManifest.xml:34:9-43
	android:name
		ADDED from CCQ-App\demo\AndroidManifest.xml:33:9-67
service#cn.jpush.android.service.PushService
ADDED from CCQ-App\demo\AndroidManifest.xml:39:9-50:19
	android:process
		ADDED from CCQ-App\demo\AndroidManifest.xml:42:38-65
	android:enabled
		ADDED from CCQ-App\demo\AndroidManifest.xml:41:13-35
	android:exported
		ADDED from CCQ-App\demo\AndroidManifest.xml:42:13-37
	android:name
		ADDED from CCQ-App\demo\AndroidManifest.xml:40:13-64
intent-filter#action:name:cn.jpush.android.intent.PUSH_TIME+action:name:cn.jpush.android.intent.PushService+action:name:cn.jpush.android.intent.REGISTER+action:name:cn.jpush.android.intent.REPORT
ADDED from CCQ-App\demo\AndroidManifest.xml:43:13-49:29
action#cn.jpush.android.intent.REGISTER
ADDED from CCQ-App\demo\AndroidManifest.xml:44:17-75
	android:name
		ADDED from CCQ-App\demo\AndroidManifest.xml:44:25-72
action#cn.jpush.android.intent.REPORT
ADDED from CCQ-App\demo\AndroidManifest.xml:45:17-73
	android:name
		ADDED from CCQ-App\demo\AndroidManifest.xml:45:25-70
action#cn.jpush.android.intent.PushService
ADDED from CCQ-App\demo\AndroidManifest.xml:46:17-78
	android:name
		ADDED from CCQ-App\demo\AndroidManifest.xml:46:25-75
action#cn.jpush.android.intent.PUSH_TIME
ADDED from CCQ-App\demo\AndroidManifest.xml:47:17-76
	android:name
		ADDED from CCQ-App\demo\AndroidManifest.xml:47:25-73
receiver#cn.jpush.android.service.PushReceiver
ADDED from CCQ-App\demo\AndroidManifest.xml:53:9-72:20
	android:process
		ADDED from CCQ-App\demo\AndroidManifest.xml:55:61-88
	android:enabled
		ADDED from CCQ-App\demo\AndroidManifest.xml:55:13-35
	android:exported
		ADDED from CCQ-App\demo\AndroidManifest.xml:55:36-60
	android:name
		ADDED from CCQ-App\demo\AndroidManifest.xml:54:13-65
intent-filter#action:name:cn.jpush.android.intent.NOTIFICATION_RECEIVED_PROXY+category:name:com.ccq.app
ADDED from CCQ-App\demo\AndroidManifest.xml:56:13-60:29
	android:priority
		ADDED from CCQ-App\demo\AndroidManifest.xml:56:28-51
action#cn.jpush.android.intent.NOTIFICATION_RECEIVED_PROXY
ADDED from CCQ-App\demo\AndroidManifest.xml:57:17-94
	android:name
		ADDED from CCQ-App\demo\AndroidManifest.xml:57:25-91
category#com.ccq.app
ADDED from CCQ-App\demo\AndroidManifest.xml:59:17-56
	android:name
		ADDED from CCQ-App\demo\AndroidManifest.xml:59:27-53
intent-filter#action:name:android.intent.action.USER_PRESENT+action:name:android.net.conn.CONNECTIVITY_CHANGE
ADDED from CCQ-App\demo\AndroidManifest.xml:61:13-64:29
action#android.intent.action.USER_PRESENT
ADDED from CCQ-App\demo\AndroidManifest.xml:62:17-77
	android:name
		ADDED from CCQ-App\demo\AndroidManifest.xml:62:25-74
action#android.net.conn.CONNECTIVITY_CHANGE
ADDED from CCQ-App\demo\AndroidManifest.xml:63:17-79
	android:name
		ADDED from CCQ-App\demo\AndroidManifest.xml:63:25-76
intent-filter#action:name:android.intent.action.PACKAGE_ADDED+action:name:android.intent.action.PACKAGE_REMOVED+data:scheme:package
ADDED from CCQ-App\demo\AndroidManifest.xml:66:13-71:29
action#android.intent.action.PACKAGE_ADDED
ADDED from CCQ-App\demo\AndroidManifest.xml:67:17-78
	android:name
		ADDED from CCQ-App\demo\AndroidManifest.xml:67:25-75
action#android.intent.action.PACKAGE_REMOVED
ADDED from CCQ-App\demo\AndroidManifest.xml:68:17-80
	android:name
		ADDED from CCQ-App\demo\AndroidManifest.xml:68:25-77
data
ADDED from CCQ-App\demo\AndroidManifest.xml:70:17-50
	android:scheme
		ADDED from CCQ-App\demo\AndroidManifest.xml:70:23-47
receiver#cn.jpush.im.android.helpers.IMReceiver
ADDED from CCQ-App\demo\AndroidManifest.xml:75:9-79:20
	android:enabled
		ADDED from CCQ-App\demo\AndroidManifest.xml:77:13-35
	android:exported
		ADDED from CCQ-App\demo\AndroidManifest.xml:78:13-37
	android:name
		ADDED from CCQ-App\demo\AndroidManifest.xml:76:13-66
receiver#cn.jpush.android.service.AlarmReceiver
ADDED from CCQ-App\demo\AndroidManifest.xml:82:9-84:40
	android:exported
		ADDED from CCQ-App\demo\AndroidManifest.xml:84:13-37
	android:name
		ADDED from CCQ-App\demo\AndroidManifest.xml:83:13-66
provider#cn.jpush.android.service.DataProvider
ADDED from CCQ-App\demo\AndroidManifest.xml:88:9-91:39
	android:authorities
		ADDED from CCQ-App\demo\AndroidManifest.xml:90:13-59
	android:exported
		ADDED from CCQ-App\demo\AndroidManifest.xml:91:13-36
	android:name
		ADDED from CCQ-App\demo\AndroidManifest.xml:89:13-65
meta-data#JPUSH_CHANNEL
ADDED from CCQ-App\demo\AndroidManifest.xml:99:9-101:49
	android:value
		ADDED from CCQ-App\demo\AndroidManifest.xml:101:13-46
	android:name
		ADDED from CCQ-App\demo\AndroidManifest.xml:100:13-41
meta-data#JPUSH_APPKEY
ADDED from CCQ-App\demo\AndroidManifest.xml:103:9-105:56
	android:value
		ADDED from CCQ-App\demo\AndroidManifest.xml:105:13-53
	android:name
		ADDED from CCQ-App\demo\AndroidManifest.xml:104:13-40
activity#im.sdk.debug.RegisterAndLoginActivity
ADDED from CCQ-App\demo\AndroidManifest.xml:107:9-115:20
	android:launchMode
		ADDED from CCQ-App\demo\AndroidManifest.xml:109:13-44
	android:name
		ADDED from CCQ-App\demo\AndroidManifest.xml:108:13-65
intent-filter#action:name:android.intent.action.MAIN+category:name:android.intent.category.LAUNCHER
ADDED from CCQ-App\demo\AndroidManifest.xml:110:13-114:29
action#android.intent.action.MAIN
ADDED from CCQ-App\demo\AndroidManifest.xml:111:17-69
	android:name
		ADDED from CCQ-App\demo\AndroidManifest.xml:111:25-66
category#android.intent.category.LAUNCHER
ADDED from CCQ-App\demo\AndroidManifest.xml:113:17-77
	android:name
		ADDED from CCQ-App\demo\AndroidManifest.xml:113:27-74
activity#im.sdk.debug.activity.setting.RegisterActivity
ADDED from CCQ-App\demo\AndroidManifest.xml:116:9-83
	android:name
		ADDED from CCQ-App\demo\AndroidManifest.xml:116:19-80
activity#im.sdk.debug.activity.setting.SettingMainActivity
ADDED from CCQ-App\demo\AndroidManifest.xml:117:9-86
	android:name
		ADDED from CCQ-App\demo\AndroidManifest.xml:117:19-83
activity#im.sdk.debug.activity.TypeActivity
ADDED from CCQ-App\demo\AndroidManifest.xml:118:9-120:47
	android:launchMode
		ADDED from CCQ-App\demo\AndroidManifest.xml:120:13-44
	android:name
		ADDED from CCQ-App\demo\AndroidManifest.xml:119:13-62
activity#im.sdk.debug.activity.setting.InfoActivity
ADDED from CCQ-App\demo\AndroidManifest.xml:121:9-79
	android:name
		ADDED from CCQ-App\demo\AndroidManifest.xml:121:19-76
activity#im.sdk.debug.activity.setting.AssertEqualsActivity
ADDED from CCQ-App\demo\AndroidManifest.xml:122:9-87
	android:name
		ADDED from CCQ-App\demo\AndroidManifest.xml:122:19-84
activity#im.sdk.debug.activity.setting.GetUserInfoActivity
ADDED from CCQ-App\demo\AndroidManifest.xml:123:9-86
	android:name
		ADDED from CCQ-App\demo\AndroidManifest.xml:123:19-83
activity#im.sdk.debug.activity.setting.UpdatePassword
ADDED from CCQ-App\demo\AndroidManifest.xml:124:9-81
	android:name
		ADDED from CCQ-App\demo\AndroidManifest.xml:124:19-78
activity#im.sdk.debug.activity.setting.UpdateUserInfoActivity
ADDED from CCQ-App\demo\AndroidManifest.xml:125:9-89
	android:name
		ADDED from CCQ-App\demo\AndroidManifest.xml:125:19-86
activity#im.sdk.debug.activity.createmessage.CreateMessageActivity
ADDED from CCQ-App\demo\AndroidManifest.xml:126:9-94
	android:name
		ADDED from CCQ-App\demo\AndroidManifest.xml:126:19-91
activity#im.sdk.debug.activity.createmessage.CreateSigTextMessageActivity
ADDED from CCQ-App\demo\AndroidManifest.xml:127:9-101
	android:name
		ADDED from CCQ-App\demo\AndroidManifest.xml:127:19-98
activity#im.sdk.debug.activity.groupinfo.GroupInfoActivity
ADDED from CCQ-App\demo\AndroidManifest.xml:128:9-86
	android:name
		ADDED from CCQ-App\demo\AndroidManifest.xml:128:19-83
activity#im.sdk.debug.activity.groupinfo.CreateGroupActivity
ADDED from CCQ-App\demo\AndroidManifest.xml:129:9-88
	android:name
		ADDED from CCQ-App\demo\AndroidManifest.xml:129:19-85
activity#im.sdk.debug.activity.groupinfo.GetGroupInfoActivity
ADDED from CCQ-App\demo\AndroidManifest.xml:130:9-89
	android:name
		ADDED from CCQ-App\demo\AndroidManifest.xml:130:19-86
activity#im.sdk.debug.activity.imagecontent.ImageContentActivity
ADDED from CCQ-App\demo\AndroidManifest.xml:131:9-92
	android:name
		ADDED from CCQ-App\demo\AndroidManifest.xml:131:19-89
activity#im.sdk.debug.activity.conversation.ConversationActivity
ADDED from CCQ-App\demo\AndroidManifest.xml:132:9-92
	android:name
		ADDED from CCQ-App\demo\AndroidManifest.xml:132:19-89
activity#im.sdk.debug.activity.groupinfo.AddRemoveGroupMemberActivity
ADDED from CCQ-App\demo\AndroidManifest.xml:133:9-97
	android:name
		ADDED from CCQ-App\demo\AndroidManifest.xml:133:19-94
activity#im.sdk.debug.activity.groupinfo.UpdateGroupInfoActivity
ADDED from CCQ-App\demo\AndroidManifest.xml:134:9-92
	android:name
		ADDED from CCQ-App\demo\AndroidManifest.xml:134:19-89
activity#im.sdk.debug.activity.groupinfo.ExitGroupActivity
ADDED from CCQ-App\demo\AndroidManifest.xml:135:9-86
	android:name
		ADDED from CCQ-App\demo\AndroidManifest.xml:135:19-83
activity#im.sdk.debug.activity.groupinfo.GetLocalGroupMembersActivity
ADDED from CCQ-App\demo\AndroidManifest.xml:136:9-97
	android:name
		ADDED from CCQ-App\demo\AndroidManifest.xml:136:19-94
activity#im.sdk.debug.activity.createmessage.CreateGroupTextMsgActivity
ADDED from CCQ-App\demo\AndroidManifest.xml:137:9-99
	android:name
		ADDED from CCQ-App\demo\AndroidManifest.xml:137:19-96
activity#im.sdk.debug.activity.createmessage.CreateSigCustomMsgActivity
ADDED from CCQ-App\demo\AndroidManifest.xml:138:9-99
	android:name
		ADDED from CCQ-App\demo\AndroidManifest.xml:138:19-96
activity#im.sdk.debug.activity.createmessage.CreateSigImageMessageActivity
ADDED from CCQ-App\demo\AndroidManifest.xml:139:9-102
	android:name
		ADDED from CCQ-App\demo\AndroidManifest.xml:139:19-99
activity#im.sdk.debug.activity.createmessage.ShowMessageActivity
ADDED from CCQ-App\demo\AndroidManifest.xml:140:9-92
	android:name
		ADDED from CCQ-App\demo\AndroidManifest.xml:140:19-89
activity#im.sdk.debug.activity.createmessage.CreateGroupImageMsgActivity
ADDED from CCQ-App\demo\AndroidManifest.xml:141:9-100
	android:name
		ADDED from CCQ-App\demo\AndroidManifest.xml:141:19-97
activity#im.sdk.debug.activity.createmessage.CreateSigVoiceMsgActivity
ADDED from CCQ-App\demo\AndroidManifest.xml:142:9-98
	android:name
		ADDED from CCQ-App\demo\AndroidManifest.xml:142:19-95
activity#im.sdk.debug.activity.createmessage.ShowCustomMessageActivity
ADDED from CCQ-App\demo\AndroidManifest.xml:143:9-98
	android:name
		ADDED from CCQ-App\demo\AndroidManifest.xml:143:19-95
activity#im.sdk.debug.activity.createmessage.CreateGroupCustomMsgActivity
ADDED from CCQ-App\demo\AndroidManifest.xml:144:9-101
	android:name
		ADDED from CCQ-App\demo\AndroidManifest.xml:144:19-98
activity#im.sdk.debug.activity.createmessage.CreateGroupVoiceMsgActivity
ADDED from CCQ-App\demo\AndroidManifest.xml:145:9-100
	android:name
		ADDED from CCQ-App\demo\AndroidManifest.xml:145:19-97
activity#im.sdk.debug.activity.notify.NotifyTypeActivity
ADDED from CCQ-App\demo\AndroidManifest.xml:146:9-84
	android:name
		ADDED from CCQ-App\demo\AndroidManifest.xml:146:19-81
activity#im.sdk.debug.activity.setting.GetBlackListActivity
ADDED from CCQ-App\demo\AndroidManifest.xml:147:9-87
	android:name
		ADDED from CCQ-App\demo\AndroidManifest.xml:147:19-84
activity#im.sdk.debug.activity.setting.AddRemoveBlackListActivity
ADDED from CCQ-App\demo\AndroidManifest.xml:148:9-93
	android:name
		ADDED from CCQ-App\demo\AndroidManifest.xml:148:19-90
activity#im.sdk.debug.activity.setting.UpdateUserAvatar
ADDED from CCQ-App\demo\AndroidManifest.xml:149:9-83
	android:name
		ADDED from CCQ-App\demo\AndroidManifest.xml:149:19-80
activity#im.sdk.debug.activity.setting.UpdateUserExtras
ADDED from CCQ-App\demo\AndroidManifest.xml:150:9-83
	android:name
		ADDED from CCQ-App\demo\AndroidManifest.xml:150:19-80
activity#im.sdk.debug.activity.notify.ShowGroupNotificationActivity
ADDED from CCQ-App\demo\AndroidManifest.xml:151:9-95
	android:name
		ADDED from CCQ-App\demo\AndroidManifest.xml:151:19-92
activity#im.sdk.debug.activity.imagecontent.CreateImageContentAsyncFile
ADDED from CCQ-App\demo\AndroidManifest.xml:152:9-99
	android:name
		ADDED from CCQ-App\demo\AndroidManifest.xml:152:19-96
activity#im.sdk.debug.activity.imagecontent.ShowDownloadPathActivity
ADDED from CCQ-App\demo\AndroidManifest.xml:153:9-96
	android:name
		ADDED from CCQ-App\demo\AndroidManifest.xml:153:19-93
activity#im.sdk.debug.activity.imagecontent.CreateImageContentAsyncBitmap
ADDED from CCQ-App\demo\AndroidManifest.xml:154:9-101
	android:name
		ADDED from CCQ-App\demo\AndroidManifest.xml:154:19-98
activity#im.sdk.debug.activity.messagecontent.SetGetStringExtraActivity
ADDED from CCQ-App\demo\AndroidManifest.xml:155:9-99
	android:name
		ADDED from CCQ-App\demo\AndroidManifest.xml:155:19-96
activity#im.sdk.debug.activity.messagecontent.SetGetNumberExtraActivity
ADDED from CCQ-App\demo\AndroidManifest.xml:156:9-99
	android:name
		ADDED from CCQ-App\demo\AndroidManifest.xml:156:19-96
activity#im.sdk.debug.activity.messagecontent.SetGetBooleanExtraActivity
ADDED from CCQ-App\demo\AndroidManifest.xml:157:9-100
	android:name
		ADDED from CCQ-App\demo\AndroidManifest.xml:157:19-97
activity#im.sdk.debug.activity.messagecontent.SetGetExtraActivity
ADDED from CCQ-App\demo\AndroidManifest.xml:158:9-93
	android:name
		ADDED from CCQ-App\demo\AndroidManifest.xml:158:19-90
activity#im.sdk.debug.activity.conversation.GetConversationInfoActivity
ADDED from CCQ-App\demo\AndroidManifest.xml:159:9-99
	android:name
		ADDED from CCQ-App\demo\AndroidManifest.xml:159:19-96
activity#im.sdk.debug.activity.conversation.OrderMessageActivity
ADDED from CCQ-App\demo\AndroidManifest.xml:160:9-92
	android:name
		ADDED from CCQ-App\demo\AndroidManifest.xml:160:19-89
activity#im.sdk.debug.activity.conversation.IsShowNotifySigActivity
ADDED from CCQ-App\demo\AndroidManifest.xml:161:9-95
	android:name
		ADDED from CCQ-App\demo\AndroidManifest.xml:161:19-92
activity#im.sdk.debug.activity.conversation.DeleteConversationActivity
ADDED from CCQ-App\demo\AndroidManifest.xml:162:9-98
	android:name
		ADDED from CCQ-App\demo\AndroidManifest.xml:162:19-95
activity#im.sdk.debug.activity.setting.NoDisturbListActivity
ADDED from CCQ-App\demo\AndroidManifest.xml:163:9-88
	android:name
		ADDED from CCQ-App\demo\AndroidManifest.xml:163:19-85
activity#im.sdk.debug.activity.setting.ShowLogoutReasonActivity
ADDED from CCQ-App\demo\AndroidManifest.xml:164:9-91
	android:name
		ADDED from CCQ-App\demo\AndroidManifest.xml:164:19-88
activity#im.sdk.debug.activity.createmessage.CreateSendFileActivity
ADDED from CCQ-App\demo\AndroidManifest.xml:165:9-95
	android:name
		ADDED from CCQ-App\demo\AndroidManifest.xml:165:19-92
activity#im.sdk.debug.activity.friend.FriendContactManager
ADDED from CCQ-App\demo\AndroidManifest.xml:166:9-86
	android:name
		ADDED from CCQ-App\demo\AndroidManifest.xml:166:19-83
activity#im.sdk.debug.activity.friend.AddFriendActivity
ADDED from CCQ-App\demo\AndroidManifest.xml:167:9-83
	android:name
		ADDED from CCQ-App\demo\AndroidManifest.xml:167:19-80
activity#im.sdk.debug.activity.friend.ShowFriendReasonActivity
ADDED from CCQ-App\demo\AndroidManifest.xml:168:9-90
	android:name
		ADDED from CCQ-App\demo\AndroidManifest.xml:168:19-87
activity#im.sdk.debug.activity.createmessage.CreateLocationMessageActivity
ADDED from CCQ-App\demo\AndroidManifest.xml:169:9-102
	android:name
		ADDED from CCQ-App\demo\AndroidManifest.xml:169:19-99
activity#im.sdk.debug.activity.groupinfo.BlockedGroupMsgActivity
ADDED from CCQ-App\demo\AndroidManifest.xml:170:9-92
	android:name
		ADDED from CCQ-App\demo\AndroidManifest.xml:170:19-89
activity#im.sdk.debug.activity.createmessage.ShowDownloadVoiceInfoActivity
ADDED from CCQ-App\demo\AndroidManifest.xml:171:9-102
	android:name
		ADDED from CCQ-App\demo\AndroidManifest.xml:171:19-99
activity#im.sdk.debug.activity.showinfo.ShowMyInfoUpdateActivity
ADDED from CCQ-App\demo\AndroidManifest.xml:172:9-92
	android:name
		ADDED from CCQ-App\demo\AndroidManifest.xml:172:19-89
activity#im.sdk.debug.activity.conversation.RetractMessageActivity
ADDED from CCQ-App\demo\AndroidManifest.xml:173:9-94
	android:name
		ADDED from CCQ-App\demo\AndroidManifest.xml:173:19-91
activity#im.sdk.debug.activity.conversation.ForwardMessageActivity
ADDED from CCQ-App\demo\AndroidManifest.xml:174:9-94
	android:name
		ADDED from CCQ-App\demo\AndroidManifest.xml:174:19-91
activity#im.sdk.debug.activity.conversation.MessageReceiptActivity
ADDED from CCQ-App\demo\AndroidManifest.xml:175:9-94
	android:name
		ADDED from CCQ-App\demo\AndroidManifest.xml:175:19-91
activity#im.sdk.debug.activity.createmessage.CreateTransCommandActivity
ADDED from CCQ-App\demo\AndroidManifest.xml:176:9-99
	android:name
		ADDED from CCQ-App\demo\AndroidManifest.xml:176:19-96
activity#im.sdk.debug.activity.createmessage.ShowTransCommandActivity
ADDED from CCQ-App\demo\AndroidManifest.xml:177:9-97
	android:name
		ADDED from CCQ-App\demo\AndroidManifest.xml:177:19-94
activity#im.sdk.debug.activity.chatroom.ChatRoomActivity
ADDED from CCQ-App\demo\AndroidManifest.xml:178:9-84
	android:name
		ADDED from CCQ-App\demo\AndroidManifest.xml:178:19-81
activity#im.sdk.debug.activity.groupinfo.ApplyJoinGroupActivity
ADDED from CCQ-App\demo\AndroidManifest.xml:179:9-91
	android:name
		ADDED from CCQ-App\demo\AndroidManifest.xml:179:19-88
activity#im.sdk.debug.activity.groupinfo.ShowGroupApprovalActivity
ADDED from CCQ-App\demo\AndroidManifest.xml:180:9-94
	android:name
		ADDED from CCQ-App\demo\AndroidManifest.xml:180:19-91
activity#im.sdk.debug.activity.groupinfo.SetGroupMemSilenceActivity
ADDED from CCQ-App\demo\AndroidManifest.xml:181:9-95
	android:name
		ADDED from CCQ-App\demo\AndroidManifest.xml:181:19-92
activity#im.sdk.debug.activity.groupinfo.GetPublicGroupInfosActivity
ADDED from CCQ-App\demo\AndroidManifest.xml:182:9-96
	android:name
		ADDED from CCQ-App\demo\AndroidManifest.xml:182:19-93
activity#im.sdk.debug.activity.groupinfo.GroupKeeperActivity
ADDED from CCQ-App\demo\AndroidManifest.xml:183:9-88
	android:name
		ADDED from CCQ-App\demo\AndroidManifest.xml:183:19-85
activity#im.sdk.debug.activity.groupinfo.DissolveGroupActivity
ADDED from CCQ-App\demo\AndroidManifest.xml:184:9-90
	android:name
		ADDED from CCQ-App\demo\AndroidManifest.xml:184:19-87
activity#im.sdk.debug.activity.groupinfo.ChangeGroupAdminActivity
ADDED from CCQ-App\demo\AndroidManifest.xml:185:9-93
	android:name
		ADDED from CCQ-App\demo\AndroidManifest.xml:185:19-90
uses-sdk
INJECTED from CCQ-App\demo\AndroidManifest.xml reason: use-sdk injection requested
INJECTED from CCQ-App\demo\AndroidManifest.xml
INJECTED from CCQ-App\demo\AndroidManifest.xml
INJECTED from CCQ-App\demo\AndroidManifest.xml
INJECTED from CCQ-App\demo\AndroidManifest.xml
	android:targetSdkVersion
		INJECTED from CCQ-App\demo\AndroidManifest.xml
		ADDED from CCQ-App\demo\AndroidManifest.xml
		INJECTED from CCQ-App\demo\AndroidManifest.xml
	android:minSdkVersion
		INJECTED from CCQ-App\demo\AndroidManifest.xml
		ADDED from CCQ-App\demo\AndroidManifest.xml
		INJECTED from CCQ-App\demo\AndroidManifest.xml